2024-11-12 10:18:05 [org.springframework.boot.StartupInfoLogger:50] - Starting MoanApplication on WG with PID 31404 (C:\Users\13340\Desktop\py20241101\0-0-github\java01\target\classes started by 13340 in C:\Users\13340\Desktop\py20241101\0-0-github\java01)
2024-11-12 10:18:05 [org.springframework.boot.SpringApplication:679] - The following profiles are active: dev
2024-11-12 10:18:07 [org.springframework.boot.web.embedded.tomcat.TomcatWebServer:90] - Tomcat initialized with port(s): 8080 (http)
2024-11-12 10:18:07 [org.apache.juli.logging.DirectJDKLog:173] - Initializing ProtocolHandler ["http-nio-8080"]
2024-11-12 10:18:07 [org.apache.juli.logging.DirectJDKLog:173] - Starting service [Tomcat]
2024-11-12 10:18:07 [org.apache.juli.logging.DirectJDKLog:173] - Starting Servlet engine: [Apache Tomcat/9.0.17]
2024-11-12 10:18:07 [org.apache.juli.logging.DirectJDKLog:173] - Initializing Spring embedded WebApplicationContext
2024-11-12 10:18:07 [org.springframework.boot.web.servlet.context.ServletWebServerApplicationContext:296] - Root WebApplicationContext: initialization completed in 1346 ms
2024-11-12 10:18:07 [springfox.documentation.spring.web.PropertySourcedRequestMappingHandlerMapping:69] - Mapped URL path [/v2/api-docs] onto method [public org.springframework.http.ResponseEntity<springfox.documentation.spring.web.json.Json> springfox.documentation.swagger2.web.Swagger2Controller.getDocumentation(java.lang.String,javax.servlet.http.HttpServletRequest)]
2024-11-12 10:18:07 [org.springframework.scheduling.concurrent.ExecutorConfigurationSupport:171] - Initializing ExecutorService 'applicationTaskExecutor'
2024-11-12 10:18:07 [org.springframework.boot.autoconfigure.web.servlet.WelcomePageHandlerMapping:61] - Adding welcome page template: index
2024-11-12 10:18:07 [springfox.documentation.spring.web.plugins.DocumentationPluginsBootstrapper:147] - Context refreshed
2024-11-12 10:18:07 [springfox.documentation.spring.web.plugins.DocumentationPluginsBootstrapper:150] - Found 1 custom documentation plugin(s)
2024-11-12 10:18:07 [springfox.documentation.spring.web.scanners.ApiListingReferenceScanner:41] - Scanning for api listing references
2024-11-12 10:18:07 [springfox.documentation.spring.web.readers.operation.CachingOperationNameGenerator:40] - Generating unique operation named: indexUsingGET_1
2024-11-12 10:18:07 [springfox.documentation.spring.web.readers.operation.CachingOperationNameGenerator:40] - Generating unique operation named: indexUsingHEAD_1
2024-11-12 10:18:07 [springfox.documentation.spring.web.readers.operation.CachingOperationNameGenerator:40] - Generating unique operation named: indexUsingPOST_1
2024-11-12 10:18:07 [springfox.documentation.spring.web.readers.operation.CachingOperationNameGenerator:40] - Generating unique operation named: indexUsingPUT_1
2024-11-12 10:18:07 [springfox.documentation.spring.web.readers.operation.CachingOperationNameGenerator:40] - Generating unique operation named: indexUsingPATCH_1
2024-11-12 10:18:07 [springfox.documentation.spring.web.readers.operation.CachingOperationNameGenerator:40] - Generating unique operation named: indexUsingDELETE_1
2024-11-12 10:18:07 [springfox.documentation.spring.web.readers.operation.CachingOperationNameGenerator:40] - Generating unique operation named: indexUsingOPTIONS_1
2024-11-12 10:18:07 [springfox.documentation.spring.web.readers.operation.CachingOperationNameGenerator:40] - Generating unique operation named: indexUsingTRACE_1
2024-11-12 10:18:07 [org.apache.juli.logging.DirectJDKLog:173] - Starting ProtocolHandler ["http-nio-8080"]
2024-11-12 10:18:07 [org.springframework.boot.web.embedded.tomcat.TomcatWebServer:204] - Tomcat started on port(s): 8080 (http) with context path ''
2024-11-12 10:18:07 [org.springframework.boot.StartupInfoLogger:59] - Started MoanApplication in 2.577 seconds (JVM running for 3.751)
2024-11-12 10:19:32 [org.apache.juli.logging.DirectJDKLog:173] - Initializing Spring DispatcherServlet 'dispatcherServlet'
2024-11-12 10:19:32 [org.springframework.web.servlet.FrameworkServlet:524] - Initializing Servlet 'dispatcherServlet'
2024-11-12 10:19:32 [org.springframework.web.servlet.FrameworkServlet:546] - Completed initialization in 0 ms
2024-11-12 10:20:01 [org.springframework.scheduling.concurrent.ExecutorConfigurationSupport:208] - Shutting down ExecutorService 'applicationTaskExecutor'
